  gauss.cpp
C:\Users\pitza\source\repos\gauss\gauss\funcs.h(66,1): warning C4305: инициализация: усечение из "double" в "T"
          with
          [
              T=float
          ]
C:\Users\pitza\source\repos\gauss\gauss\gauss.cpp(20): message : выполняется компиляция ссылки на экземпляр шаблон функции "void solver<float>(int)"
C:\Users\pitza\source\repos\gauss\gauss\funcs.h(83,24): warning C4244: =: преобразование "int" в "T", возможна потеря данных
          with
          [
              T=float
          ]
C:\Users\pitza\source\repos\gauss\gauss\funcs.h(54,1): warning C4305: инициализация: усечение из "double" в "T"
          with
          [
              T=float
          ]
C:\Users\pitza\source\repos\gauss\gauss\funcs.h(148): message : выполняется компиляция ссылки на экземпляр шаблон функции "bool is_null<T>(int,int,matrix<T> &)"
          with
          [
              T=float
          ]
C:\Users\pitza\source\repos\gauss\gauss\gauss.cpp(20): message : выполняется компиляция ссылки на экземпляр шаблон функции "void solver<float>(int)"
  gauss.vcxproj -> C:\Users\pitza\source\repos\gauss\Debug\main.exe
